<?xml version="1.0" encoding="UTF-8"?>
<testsuite xmlns:xsi="http://www.w3.org/2001/XMLSchema-instance" xsi:noNamespaceSchemaLocation="https://maven.apache.org/surefire/maven-surefire-plugin/xsd/surefire-test-report.xsd" name="com.dh.catalog.ApiCatalogApplicationTests" time="35.962" tests="1" errors="0" skipped="0" failures="0">
  <properties>
    <property name="java.specification.version" value="18"/>
    <property name="sun.jnu.encoding" value="UTF-8"/>
    <property name="java.class.path" value="/Users/macbookpro/Documents/final2023/api-catalog/target/test-classes:/Users/macbookpro/Documents/final2023/api-catalog/target/classes:/Users/macbookpro/.m2/repository/org/springframework/boot/spring-boot-starter-web/2.7.5/spring-boot-starter-web-2.7.5.jar:/Users/macbookpro/.m2/repository/org/springframework/boot/spring-boot-starter/2.7.5/spring-boot-starter-2.7.5.jar:/Users/macbookpro/.m2/repository/org/springframework/boot/spring-boot/2.7.5/spring-boot-2.7.5.jar:/Users/macbookpro/.m2/repository/org/springframework/boot/spring-boot-autoconfigure/2.7.5/spring-boot-autoconfigure-2.7.5.jar:/Users/macbookpro/.m2/repository/org/springframework/boot/spring-boot-starter-logging/2.7.5/spring-boot-starter-logging-2.7.5.jar:/Users/macbookpro/.m2/repository/ch/qos/logback/logback-classic/1.2.11/logback-classic-1.2.11.jar:/Users/macbookpro/.m2/repository/ch/qos/logback/logback-core/1.2.11/logback-core-1.2.11.jar:/Users/macbookpro/.m2/repository/org/apache/logging/log4j/log4j-to-slf4j/2.17.2/log4j-to-slf4j-2.17.2.jar:/Users/macbookpro/.m2/repository/org/apache/logging/log4j/log4j-api/2.17.2/log4j-api-2.17.2.jar:/Users/macbookpro/.m2/repository/org/slf4j/jul-to-slf4j/1.7.36/jul-to-slf4j-1.7.36.jar:/Users/macbookpro/.m2/repository/jakarta/annotation/jakarta.annotation-api/1.3.5/jakarta.annotation-api-1.3.5.jar:/Users/macbookpro/.m2/repository/org/yaml/snakeyaml/1.30/snakeyaml-1.30.jar:/Users/macbookpro/.m2/repository/org/springframework/boot/spring-boot-starter-json/2.7.5/spring-boot-starter-json-2.7.5.jar:/Users/macbookpro/.m2/repository/com/fasterxml/jackson/datatype/jackson-datatype-jdk8/2.13.4/jackson-datatype-jdk8-2.13.4.jar:/Users/macbookpro/.m2/repository/com/fasterxml/jackson/datatype/jackson-datatype-jsr310/2.13.4/jackson-datatype-jsr310-2.13.4.jar:/Users/macbookpro/.m2/repository/com/fasterxml/jackson/module/jackson-module-parameter-names/2.13.4/jackson-module-parameter-names-2.13.4.jar:/Users/macbookpro/.m2/repository/org/springframework/boot/spring-boot-starter-tomcat/2.7.5/spring-boot-starter-tomcat-2.7.5.jar:/Users/macbookpro/.m2/repository/org/apache/tomcat/embed/tomcat-embed-core/9.0.68/tomcat-embed-core-9.0.68.jar:/Users/macbookpro/.m2/repository/org/apache/tomcat/embed/tomcat-embed-el/9.0.68/tomcat-embed-el-9.0.68.jar:/Users/macbookpro/.m2/repository/org/apache/tomcat/embed/tomcat-embed-websocket/9.0.68/tomcat-embed-websocket-9.0.68.jar:/Users/macbookpro/.m2/repository/org/springframework/spring-web/5.3.23/spring-web-5.3.23.jar:/Users/macbookpro/.m2/repository/org/springframework/spring-beans/5.3.23/spring-beans-5.3.23.jar:/Users/macbookpro/.m2/repository/org/springframework/spring-webmvc/5.3.23/spring-webmvc-5.3.23.jar:/Users/macbookpro/.m2/repository/org/springframework/spring-aop/5.3.23/spring-aop-5.3.23.jar:/Users/macbookpro/.m2/repository/org/springframework/spring-context/5.3.23/spring-context-5.3.23.jar:/Users/macbookpro/.m2/repository/org/springframework/spring-expression/5.3.23/spring-expression-5.3.23.jar:/Users/macbookpro/.m2/repository/org/springframework/cloud/spring-cloud-starter-openfeign/3.1.5/spring-cloud-starter-openfeign-3.1.5.jar:/Users/macbookpro/.m2/repository/org/springframework/cloud/spring-cloud-starter/3.1.5/spring-cloud-starter-3.1.5.jar:/Users/macbookpro/.m2/repository/org/springframework/cloud/spring-cloud-context/3.1.5/spring-cloud-context-3.1.5.jar:/Users/macbookpro/.m2/repository/org/springframework/security/spring-security-rsa/1.0.11.RELEASE/spring-security-rsa-1.0.11.RELEASE.jar:/Users/macbookpro/.m2/repository/org/bouncycastle/bcpkix-jdk15on/1.69/bcpkix-jdk15on-1.69.jar:/Users/macbookpro/.m2/repository/org/bouncycastle/bcprov-jdk15on/1.69/bcprov-jdk15on-1.69.jar:/Users/macbookpro/.m2/repository/org/bouncycastle/bcutil-jdk15on/1.69/bcutil-jdk15on-1.69.jar:/Users/macbookpro/.m2/repository/org/springframework/cloud/spring-cloud-openfeign-core/3.1.5/spring-cloud-openfeign-core-3.1.5.jar:/Users/macbookpro/.m2/repository/io/github/openfeign/form/feign-form-spring/3.8.0/feign-form-spring-3.8.0.jar:/Users/macbookpro/.m2/repository/io/github/openfeign/form/feign-form/3.8.0/feign-form-3.8.0.jar:/Users/macbookpro/.m2/repository/commons-fileupload/commons-fileupload/1.4/commons-fileupload-1.4.jar:/Users/macbookpro/.m2/repository/org/springframework/cloud/spring-cloud-commons/3.1.5/spring-cloud-commons-3.1.5.jar:/Users/macbookpro/.m2/repository/org/springframework/security/spring-security-crypto/5.7.4/spring-security-crypto-5.7.4.jar:/Users/macbookpro/.m2/repository/io/github/openfeign/feign-core/11.10/feign-core-11.10.jar:/Users/macbookpro/.m2/repository/io/github/openfeign/feign-slf4j/11.10/feign-slf4j-11.10.jar:/Users/macbookpro/.m2/repository/org/slf4j/slf4j-api/1.7.36/slf4j-api-1.7.36.jar:/Users/macbookpro/.m2/repository/org/springframework/boot/spring-boot-starter-actuator/2.7.5/spring-boot-starter-actuator-2.7.5.jar:/Users/macbookpro/.m2/repository/org/springframework/boot/spring-boot-actuator-autoconfigure/2.7.5/spring-boot-actuator-autoconfigure-2.7.5.jar:/Users/macbookpro/.m2/repository/org/springframework/boot/spring-boot-actuator/2.7.5/spring-boot-actuator-2.7.5.jar:/Users/macbookpro/.m2/repository/io/micrometer/micrometer-core/1.9.5/micrometer-core-1.9.5.jar:/Users/macbookpro/.m2/repository/org/hdrhistogram/HdrHistogram/2.1.12/HdrHistogram-2.1.12.jar:/Users/macbookpro/.m2/repository/org/latencyutils/LatencyUtils/2.0.3/LatencyUtils-2.0.3.jar:/Users/macbookpro/.m2/repository/junit/junit/4.13.2/junit-4.13.2.jar:/Users/macbookpro/.m2/repository/org/hamcrest/hamcrest-core/2.2/hamcrest-core-2.2.jar:/Users/macbookpro/.m2/repository/org/projectlombok/lombok/1.18.24/lombok-1.18.24.jar:/Users/macbookpro/.m2/repository/org/springframework/boot/spring-boot-starter-test/2.7.5/spring-boot-starter-test-2.7.5.jar:/Users/macbookpro/.m2/repository/org/springframework/boot/spring-boot-test/2.7.5/spring-boot-test-2.7.5.jar:/Users/macbookpro/.m2/repository/org/springframework/boot/spring-boot-test-autoconfigure/2.7.5/spring-boot-test-autoconfigure-2.7.5.jar:/Users/macbookpro/.m2/repository/com/jayway/jsonpath/json-path/2.7.0/json-path-2.7.0.jar:/Users/macbookpro/.m2/repository/net/minidev/json-smart/2.4.8/json-smart-2.4.8.jar:/Users/macbookpro/.m2/repository/net/minidev/accessors-smart/2.4.8/accessors-smart-2.4.8.jar:/Users/macbookpro/.m2/repository/org/ow2/asm/asm/9.1/asm-9.1.jar:/Users/macbookpro/.m2/repository/jakarta/xml/bind/jakarta.xml.bind-api/2.3.3/jakarta.xml.bind-api-2.3.3.jar:/Users/macbookpro/.m2/repository/jakarta/activation/jakarta.activation-api/1.2.2/jakarta.activation-api-1.2.2.jar:/Users/macbookpro/.m2/repository/org/assertj/assertj-core/3.22.0/assertj-core-3.22.0.jar:/Users/macbookpro/.m2/repository/org/hamcrest/hamcrest/2.2/hamcrest-2.2.jar:/Users/macbookpro/.m2/repository/org/junit/jupiter/junit-jupiter/5.8.2/junit-jupiter-5.8.2.jar:/Users/macbookpro/.m2/repository/org/junit/jupiter/junit-jupiter-api/5.8.2/junit-jupiter-api-5.8.2.jar:/Users/macbookpro/.m2/repository/org/opentest4j/opentest4j/1.2.0/opentest4j-1.2.0.jar:/Users/macbookpro/.m2/repository/org/junit/platform/junit-platform-commons/1.8.2/junit-platform-commons-1.8.2.jar:/Users/macbookpro/.m2/repository/org/apiguardian/apiguardian-api/1.1.2/apiguardian-api-1.1.2.jar:/Users/macbookpro/.m2/repository/org/junit/jupiter/junit-jupiter-params/5.8.2/junit-jupiter-params-5.8.2.jar:/Users/macbookpro/.m2/repository/org/junit/jupiter/junit-jupiter-engine/5.8.2/junit-jupiter-engine-5.8.2.jar:/Users/macbookpro/.m2/repository/org/junit/platform/junit-platform-engine/1.8.2/junit-platform-engine-1.8.2.jar:/Users/macbookpro/.m2/repository/org/mockito/mockito-core/4.5.1/mockito-core-4.5.1.jar:/Users/macbookpro/.m2/repository/net/bytebuddy/byte-buddy/1.12.18/byte-buddy-1.12.18.jar:/Users/macbookpro/.m2/repository/net/bytebuddy/byte-buddy-agent/1.12.18/byte-buddy-agent-1.12.18.jar:/Users/macbookpro/.m2/repository/org/objenesis/objenesis/3.2/objenesis-3.2.jar:/Users/macbookpro/.m2/repository/org/mockito/mockito-junit-jupiter/4.5.1/mockito-junit-jupiter-4.5.1.jar:/Users/macbookpro/.m2/repository/org/skyscreamer/jsonassert/1.5.1/jsonassert-1.5.1.jar:/Users/macbookpro/.m2/repository/com/vaadin/external/google/android-json/0.0.20131108.vaadin1/android-json-0.0.20131108.vaadin1.jar:/Users/macbookpro/.m2/repository/org/springframework/spring-core/5.3.23/spring-core-5.3.23.jar:/Users/macbookpro/.m2/repository/org/springframework/spring-jcl/5.3.23/spring-jcl-5.3.23.jar:/Users/macbookpro/.m2/repository/org/springframework/spring-test/5.3.23/spring-test-5.3.23.jar:/Users/macbookpro/.m2/repository/org/xmlunit/xmlunit-core/2.9.0/xmlunit-core-2.9.0.jar:/Users/macbookpro/.m2/repository/org/springframework/cloud/spring-cloud-starter-netflix-eureka-client/3.1.4/spring-cloud-starter-netflix-eureka-client-3.1.4.jar:/Users/macbookpro/.m2/repository/org/springframework/cloud/spring-cloud-netflix-eureka-client/3.1.4/spring-cloud-netflix-eureka-client-3.1.4.jar:/Users/macbookpro/.m2/repository/com/netflix/eureka/eureka-client/1.10.17/eureka-client-1.10.17.jar:/Users/macbookpro/.m2/repository/com/netflix/netflix-commons/netflix-eventbus/0.3.0/netflix-eventbus-0.3.0.jar:/Users/macbookpro/.m2/repository/com/netflix/netflix-commons/netflix-infix/0.3.0/netflix-infix-0.3.0.jar:/Users/macbookpro/.m2/repository/commons-jxpath/commons-jxpath/1.3/commons-jxpath-1.3.jar:/Users/macbookpro/.m2/repository/joda-time/joda-time/2.3/joda-time-2.3.jar:/Users/macbookpro/.m2/repository/org/antlr/antlr-runtime/3.4/antlr-runtime-3.4.jar:/Users/macbookpro/.m2/repository/org/antlr/stringtemplate/3.2.1/stringtemplate-3.2.1.jar:/Users/macbookpro/.m2/repository/antlr/antlr/2.7.7/antlr-2.7.7.jar:/Users/macbookpro/.m2/repository/com/google/code/gson/gson/2.9.1/gson-2.9.1.jar:/Users/macbookpro/.m2/repository/org/apache/commons/commons-math/2.2/commons-math-2.2.jar:/Users/macbookpro/.m2/repository/com/thoughtworks/xstream/xstream/1.4.18/xstream-1.4.18.jar:/Users/macbookpro/.m2/repository/io/github/x-stream/mxparser/1.2.2/mxparser-1.2.2.jar:/Users/macbookpro/.m2/repository/xmlpull/xmlpull/1.1.3.1/xmlpull-1.1.3.1.jar:/Users/macbookpro/.m2/repository/javax/ws/rs/jsr311-api/1.1.1/jsr311-api-1.1.1.jar:/Users/macbookpro/.m2/repository/com/netflix/servo/servo-core/0.12.21/servo-core-0.12.21.jar:/Users/macbookpro/.m2/repository/com/google/guava/guava/19.0/guava-19.0.jar:/Users/macbookpro/.m2/repository/org/apache/httpcomponents/httpclient/4.5.13/httpclient-4.5.13.jar:/Users/macbookpro/.m2/repository/org/apache/httpcomponents/httpcore/4.4.15/httpcore-4.4.15.jar:/Users/macbookpro/.m2/repository/commons-codec/commons-codec/1.15/commons-codec-1.15.jar:/Users/macbookpro/.m2/repository/commons-configuration/commons-configuration/1.10/commons-configuration-1.10.jar:/Users/macbookpro/.m2/repository/commons-lang/commons-lang/2.6/commons-lang-2.6.jar:/Users/macbookpro/.m2/repository/com/google/inject/guice/4.1.0/guice-4.1.0.jar:/Users/macbookpro/.m2/repository/javax/inject/javax.inject/1/javax.inject-1.jar:/Users/macbookpro/.m2/repository/com/fasterxml/jackson/core/jackson-annotations/2.13.4/jackson-annotations-2.13.4.jar:/Users/macbookpro/.m2/repository/com/fasterxml/jackson/core/jackson-core/2.13.4/jackson-core-2.13.4.jar:/Users/macbookpro/.m2/repository/org/codehaus/jettison/jettison/1.4.0/jettison-1.4.0.jar:/Users/macbookpro/.m2/repository/com/netflix/eureka/eureka-core/1.10.17/eureka-core-1.10.17.jar:/Users/macbookpro/.m2/repository/com/fasterxml/woodstox/woodstox-core/6.2.1/woodstox-core-6.2.1.jar:/Users/macbookpro/.m2/repository/org/codehaus/woodstox/stax2-api/4.2.1/stax2-api-4.2.1.jar:/Users/macbookpro/.m2/repository/org/springframework/cloud/spring-cloud-starter-loadbalancer/3.1.5/spring-cloud-starter-loadbalancer-3.1.5.jar:/Users/macbookpro/.m2/repository/org/springframework/cloud/spring-cloud-loadbalancer/3.1.5/spring-cloud-loadbalancer-3.1.5.jar:/Users/macbookpro/.m2/repository/io/projectreactor/reactor-core/3.4.24/reactor-core-3.4.24.jar:/Users/macbookpro/.m2/repository/org/reactivestreams/reactive-streams/1.0.4/reactive-streams-1.0.4.jar:/Users/macbookpro/.m2/repository/io/projectreactor/addons/reactor-extra/3.4.8/reactor-extra-3.4.8.jar:/Users/macbookpro/.m2/repository/org/springframework/boot/spring-boot-starter-cache/2.7.5/spring-boot-starter-cache-2.7.5.jar:/Users/macbookpro/.m2/repository/org/springframework/spring-context-support/5.3.23/spring-context-support-5.3.23.jar:/Users/macbookpro/.m2/repository/com/stoyanr/evictor/1.0.0/evictor-1.0.0.jar:/Users/macbookpro/.m2/repository/org/springframework/cloud/spring-cloud-starter-bootstrap/3.1.5/spring-cloud-starter-bootstrap-3.1.5.jar:/Users/macbookpro/.m2/repository/org/glassfish/jaxb/jaxb-runtime/2.3.7/jaxb-runtime-2.3.7.jar:/Users/macbookpro/.m2/repository/org/glassfish/jaxb/txw2/2.3.7/txw2-2.3.7.jar:/Users/macbookpro/.m2/repository/com/sun/istack/istack-commons-runtime/3.0.12/istack-commons-runtime-3.0.12.jar:/Users/macbookpro/.m2/repository/com/sun/activation/jakarta.activation/1.2.2/jakarta.activation-1.2.2.jar:/Users/macbookpro/.m2/repository/org/springframework/cloud/spring-cloud-starter-config/3.1.5/spring-cloud-starter-config-3.1.5.jar:/Users/macbookpro/.m2/repository/org/springframework/cloud/spring-cloud-config-client/3.1.5/spring-cloud-config-client-3.1.5.jar:/Users/macbookpro/.m2/repository/com/fasterxml/jackson/core/jackson-databind/2.13.4.2/jackson-databind-2.13.4.2.jar:/Users/macbookpro/.m2/repository/org/springframework/boot/spring-boot-starter-amqp/2.7.5/spring-boot-starter-amqp-2.7.5.jar:/Users/macbookpro/.m2/repository/org/springframework/spring-messaging/5.3.23/spring-messaging-5.3.23.jar:/Users/macbookpro/.m2/repository/org/springframework/amqp/spring-rabbit/2.4.7/spring-rabbit-2.4.7.jar:/Users/macbookpro/.m2/repository/org/springframework/amqp/spring-amqp/2.4.7/spring-amqp-2.4.7.jar:/Users/macbookpro/.m2/repository/org/springframework/retry/spring-retry/1.3.4/spring-retry-1.3.4.jar:/Users/macbookpro/.m2/repository/com/rabbitmq/amqp-client/5.14.2/amqp-client-5.14.2.jar:/Users/macbookpro/.m2/repository/org/springframework/spring-tx/5.3.23/spring-tx-5.3.23.jar:/Users/macbookpro/.m2/repository/org/springframework/cloud/spring-cloud-starter-sleuth/3.1.5/spring-cloud-starter-sleuth-3.1.5.jar:/Users/macbookpro/.m2/repository/org/springframework/boot/spring-boot-starter-aop/2.7.5/spring-boot-starter-aop-2.7.5.jar:/Users/macbookpro/.m2/repository/org/aspectj/aspectjweaver/1.9.7/aspectjweaver-1.9.7.jar:/Users/macbookpro/.m2/repository/org/springframework/cloud/spring-cloud-sleuth-autoconfigure/3.1.5/spring-cloud-sleuth-autoconfigure-3.1.5.jar:/Users/macbookpro/.m2/repository/org/aspectj/aspectjrt/1.9.7/aspectjrt-1.9.7.jar:/Users/macbookpro/.m2/repository/org/springframework/cloud/spring-cloud-sleuth-brave/3.1.5/spring-cloud-sleuth-brave-3.1.5.jar:/Users/macbookpro/.m2/repository/io/zipkin/brave/brave/5.13.9/brave-5.13.9.jar:/Users/macbookpro/.m2/repository/io/zipkin/brave/brave-context-slf4j/5.13.9/brave-context-slf4j-5.13.9.jar:/Users/macbookpro/.m2/repository/io/zipkin/brave/brave-instrumentation-messaging/5.13.9/brave-instrumentation-messaging-5.13.9.jar:/Users/macbookpro/.m2/repository/io/zipkin/brave/brave-instrumentation-rpc/5.13.9/brave-instrumentation-rpc-5.13.9.jar:/Users/macbookpro/.m2/repository/io/zipkin/brave/brave-instrumentation-spring-rabbit/5.13.9/brave-instrumentation-spring-rabbit-5.13.9.jar:/Users/macbookpro/.m2/repository/io/zipkin/brave/brave-instrumentation-kafka-clients/5.13.9/brave-instrumentation-kafka-clients-5.13.9.jar:/Users/macbookpro/.m2/repository/io/zipkin/brave/brave-instrumentation-kafka-streams/5.13.9/brave-instrumentation-kafka-streams-5.13.9.jar:/Users/macbookpro/.m2/repository/io/zipkin/brave/brave-instrumentation-httpclient/5.13.9/brave-instrumentation-httpclient-5.13.9.jar:/Users/macbookpro/.m2/repository/io/zipkin/brave/brave-instrumentation-http/5.13.9/brave-instrumentation-http-5.13.9.jar:/Users/macbookpro/.m2/repository/io/zipkin/brave/brave-instrumentation-httpasyncclient/5.13.9/brave-instrumentation-httpasyncclient-5.13.9.jar:/Users/macbookpro/.m2/repository/io/zipkin/brave/brave-instrumentation-jms/5.13.9/brave-instrumentation-jms-5.13.9.jar:/Users/macbookpro/.m2/repository/io/zipkin/brave/brave-instrumentation-mongodb/5.13.9/brave-instrumentation-mongodb-5.13.9.jar:/Users/macbookpro/.m2/repository/io/zipkin/aws/brave-propagation-aws/0.21.3/brave-propagation-aws-0.21.3.jar:/Users/macbookpro/.m2/repository/io/zipkin/reporter2/zipkin-reporter-metrics-micrometer/2.16.3/zipkin-reporter-metrics-micrometer-2.16.3.jar:/Users/macbookpro/.m2/repository/org/springframework/cloud/spring-cloud-sleuth-zipkin/3.1.5/spring-cloud-sleuth-zipkin-3.1.5.jar:/Users/macbookpro/.m2/repository/org/springframework/cloud/spring-cloud-sleuth-instrumentation/3.1.5/spring-cloud-sleuth-instrumentation-3.1.5.jar:/Users/macbookpro/.m2/repository/org/springframework/cloud/spring-cloud-sleuth-api/3.1.5/spring-cloud-sleuth-api-3.1.5.jar:/Users/macbookpro/.m2/repository/io/zipkin/zipkin2/zipkin/2.23.2/zipkin-2.23.2.jar:/Users/macbookpro/.m2/repository/io/zipkin/reporter2/zipkin-reporter/2.16.3/zipkin-reporter-2.16.3.jar:/Users/macbookpro/.m2/repository/io/zipkin/reporter2/zipkin-reporter-brave/2.16.3/zipkin-reporter-brave-2.16.3.jar:/Users/macbookpro/.m2/repository/io/zipkin/reporter2/zipkin-sender-kafka/2.16.3/zipkin-sender-kafka-2.16.3.jar:/Users/macbookpro/.m2/repository/io/zipkin/reporter2/zipkin-sender-activemq-client/2.16.3/zipkin-sender-activemq-client-2.16.3.jar:/Users/macbookpro/.m2/repository/io/zipkin/reporter2/zipkin-sender-amqp-client/2.16.3/zipkin-sender-amqp-client-2.16.3.jar:/Users/macbookpro/.m2/repository/org/springframework/boot/spring-boot-starter-data-mongodb/2.7.5/spring-boot-starter-data-mongodb-2.7.5.jar:/Users/macbookpro/.m2/repository/org/mongodb/mongodb-driver-sync/4.6.1/mongodb-driver-sync-4.6.1.jar:/Users/macbookpro/.m2/repository/org/mongodb/bson/4.6.1/bson-4.6.1.jar:/Users/macbookpro/.m2/repository/org/mongodb/mongodb-driver-core/4.6.1/mongodb-driver-core-4.6.1.jar:/Users/macbookpro/.m2/repository/org/mongodb/bson-record-codec/4.6.1/bson-record-codec-4.6.1.jar:/Users/macbookpro/.m2/repository/org/springframework/data/spring-data-mongodb/3.4.5/spring-data-mongodb-3.4.5.jar:/Users/macbookpro/.m2/repository/org/springframework/data/spring-data-commons/2.7.5/spring-data-commons-2.7.5.jar:/Users/macbookpro/.m2/repository/org/mongodb/mongo-java-driver/3.12.11/mongo-java-driver-3.12.11.jar:/Users/macbookpro/.m2/repository/de/flapdoodle/embed/de.flapdoodle.embed.mongo/3.4.11/de.flapdoodle.embed.mongo-3.4.11.jar:/Users/macbookpro/.m2/repository/de/flapdoodle/embed/de.flapdoodle.embed.process/3.1.15/de.flapdoodle.embed.process-3.1.15.jar:/Users/macbookpro/.m2/repository/de/flapdoodle/de.flapdoodle.os/1.1.12/de.flapdoodle.os-1.1.12.jar:/Users/macbookpro/.m2/repository/org/apache/commons/commons-lang3/3.12.0/commons-lang3-3.12.0.jar:/Users/macbookpro/.m2/repository/org/apache/commons/commons-compress/1.21/commons-compress-1.21.jar:/Users/macbookpro/.m2/repository/net/java/dev/jna/jna/5.12.1/jna-5.12.1.jar:/Users/macbookpro/.m2/repository/net/java/dev/jna/jna-platform/5.12.1/jna-platform-5.12.1.jar:/Users/macbookpro/.m2/repository/de/flapdoodle/embed/de.flapdoodle.embed.mongo.packageresolver/1.0.10/de.flapdoodle.embed.mongo.packageresolver-1.0.10.jar:"/>
    <property name="java.vm.vendor" value="Amazon.com Inc."/>
    <property name="sun.arch.data.model" value="64"/>
    <property name="java.vendor.url" value="https://aws.amazon.com/corretto/"/>
    <property name="os.name" value="Mac OS X"/>
    <property name="java.vm.specification.version" value="18"/>
    <property name="sun.java.launcher" value="SUN_STANDARD"/>
    <property name="user.country" value="419"/>
    <property name="sun.boot.library.path" value="/Users/macbookpro/Library/Java/JavaVirtualMachines/corretto-18.0.2/Contents/Home/lib"/>
    <property name="sun.java.command" value="/Users/macbookpro/Documents/final2023/api-catalog/target/surefire/surefirebooter15247108368057354959.jar /Users/macbookpro/Documents/final2023/api-catalog/target/surefire 2023-04-09T22-27-19_525-jvmRun1 surefire3467808974337754472tmp surefire_06583800383400100606tmp"/>
    <property name="http.nonProxyHosts" value="local|*.local|169.254/16|*.169.254/16"/>
    <property name="jdk.debug" value="release"/>
    <property name="surefire.test.class.path" value="/Users/macbookpro/Documents/final2023/api-catalog/target/test-classes:/Users/macbookpro/Documents/final2023/api-catalog/target/classes:/Users/macbookpro/.m2/repository/org/springframework/boot/spring-boot-starter-web/2.7.5/spring-boot-starter-web-2.7.5.jar:/Users/macbookpro/.m2/repository/org/springframework/boot/spring-boot-starter/2.7.5/spring-boot-starter-2.7.5.jar:/Users/macbookpro/.m2/repository/org/springframework/boot/spring-boot/2.7.5/spring-boot-2.7.5.jar:/Users/macbookpro/.m2/repository/org/springframework/boot/spring-boot-autoconfigure/2.7.5/spring-boot-autoconfigure-2.7.5.jar:/Users/macbookpro/.m2/repository/org/springframework/boot/spring-boot-starter-logging/2.7.5/spring-boot-starter-logging-2.7.5.jar:/Users/macbookpro/.m2/repository/ch/qos/logback/logback-classic/1.2.11/logback-classic-1.2.11.jar:/Users/macbookpro/.m2/repository/ch/qos/logback/logback-core/1.2.11/logback-core-1.2.11.jar:/Users/macbookpro/.m2/repository/org/apache/logging/log4j/log4j-to-slf4j/2.17.2/log4j-to-slf4j-2.17.2.jar:/Users/macbookpro/.m2/repository/org/apache/logging/log4j/log4j-api/2.17.2/log4j-api-2.17.2.jar:/Users/macbookpro/.m2/repository/org/slf4j/jul-to-slf4j/1.7.36/jul-to-slf4j-1.7.36.jar:/Users/macbookpro/.m2/repository/jakarta/annotation/jakarta.annotation-api/1.3.5/jakarta.annotation-api-1.3.5.jar:/Users/macbookpro/.m2/repository/org/yaml/snakeyaml/1.30/snakeyaml-1.30.jar:/Users/macbookpro/.m2/repository/org/springframework/boot/spring-boot-starter-json/2.7.5/spring-boot-starter-json-2.7.5.jar:/Users/macbookpro/.m2/repository/com/fasterxml/jackson/datatype/jackson-datatype-jdk8/2.13.4/jackson-datatype-jdk8-2.13.4.jar:/Users/macbookpro/.m2/repository/com/fasterxml/jackson/datatype/jackson-datatype-jsr310/2.13.4/jackson-datatype-jsr310-2.13.4.jar:/Users/macbookpro/.m2/repository/com/fasterxml/jackson/module/jackson-module-parameter-names/2.13.4/jackson-module-parameter-names-2.13.4.jar:/Users/macbookpro/.m2/repository/org/springframework/boot/spring-boot-starter-tomcat/2.7.5/spring-boot-starter-tomcat-2.7.5.jar:/Users/macbookpro/.m2/repository/org/apache/tomcat/embed/tomcat-embed-core/9.0.68/tomcat-embed-core-9.0.68.jar:/Users/macbookpro/.m2/repository/org/apache/tomcat/embed/tomcat-embed-el/9.0.68/tomcat-embed-el-9.0.68.jar:/Users/macbookpro/.m2/repository/org/apache/tomcat/embed/tomcat-embed-websocket/9.0.68/tomcat-embed-websocket-9.0.68.jar:/Users/macbookpro/.m2/repository/org/springframework/spring-web/5.3.23/spring-web-5.3.23.jar:/Users/macbookpro/.m2/repository/org/springframework/spring-beans/5.3.23/spring-beans-5.3.23.jar:/Users/macbookpro/.m2/repository/org/springframework/spring-webmvc/5.3.23/spring-webmvc-5.3.23.jar:/Users/macbookpro/.m2/repository/org/springframework/spring-aop/5.3.23/spring-aop-5.3.23.jar:/Users/macbookpro/.m2/repository/org/springframework/spring-context/5.3.23/spring-context-5.3.23.jar:/Users/macbookpro/.m2/repository/org/springframework/spring-expression/5.3.23/spring-expression-5.3.23.jar:/Users/macbookpro/.m2/repository/org/springframework/cloud/spring-cloud-starter-openfeign/3.1.5/spring-cloud-starter-openfeign-3.1.5.jar:/Users/macbookpro/.m2/repository/org/springframework/cloud/spring-cloud-starter/3.1.5/spring-cloud-starter-3.1.5.jar:/Users/macbookpro/.m2/repository/org/springframework/cloud/spring-cloud-context/3.1.5/spring-cloud-context-3.1.5.jar:/Users/macbookpro/.m2/repository/org/springframework/security/spring-security-rsa/1.0.11.RELEASE/spring-security-rsa-1.0.11.RELEASE.jar:/Users/macbookpro/.m2/repository/org/bouncycastle/bcpkix-jdk15on/1.69/bcpkix-jdk15on-1.69.jar:/Users/macbookpro/.m2/repository/org/bouncycastle/bcprov-jdk15on/1.69/bcprov-jdk15on-1.69.jar:/Users/macbookpro/.m2/repository/org/bouncycastle/bcutil-jdk15on/1.69/bcutil-jdk15on-1.69.jar:/Users/macbookpro/.m2/repository/org/springframework/cloud/spring-cloud-openfeign-core/3.1.5/spring-cloud-openfeign-core-3.1.5.jar:/Users/macbookpro/.m2/repository/io/github/openfeign/form/feign-form-spring/3.8.0/feign-form-spring-3.8.0.jar:/Users/macbookpro/.m2/repository/io/github/openfeign/form/feign-form/3.8.0/feign-form-3.8.0.jar:/Users/macbookpro/.m2/repository/commons-fileupload/commons-fileupload/1.4/commons-fileupload-1.4.jar:/Users/macbookpro/.m2/repository/org/springframework/cloud/spring-cloud-commons/3.1.5/spring-cloud-commons-3.1.5.jar:/Users/macbookpro/.m2/repository/org/springframework/security/spring-security-crypto/5.7.4/spring-security-crypto-5.7.4.jar:/Users/macbookpro/.m2/repository/io/github/openfeign/feign-core/11.10/feign-core-11.10.jar:/Users/macbookpro/.m2/repository/io/github/openfeign/feign-slf4j/11.10/feign-slf4j-11.10.jar:/Users/macbookpro/.m2/repository/org/slf4j/slf4j-api/1.7.36/slf4j-api-1.7.36.jar:/Users/macbookpro/.m2/repository/org/springframework/boot/spring-boot-starter-actuator/2.7.5/spring-boot-starter-actuator-2.7.5.jar:/Users/macbookpro/.m2/repository/org/springframework/boot/spring-boot-actuator-autoconfigure/2.7.5/spring-boot-actuator-autoconfigure-2.7.5.jar:/Users/macbookpro/.m2/repository/org/springframework/boot/spring-boot-actuator/2.7.5/spring-boot-actuator-2.7.5.jar:/Users/macbookpro/.m2/repository/io/micrometer/micrometer-core/1.9.5/micrometer-core-1.9.5.jar:/Users/macbookpro/.m2/repository/org/hdrhistogram/HdrHistogram/2.1.12/HdrHistogram-2.1.12.jar:/Users/macbookpro/.m2/repository/org/latencyutils/LatencyUtils/2.0.3/LatencyUtils-2.0.3.jar:/Users/macbookpro/.m2/repository/junit/junit/4.13.2/junit-4.13.2.jar:/Users/macbookpro/.m2/repository/org/hamcrest/hamcrest-core/2.2/hamcrest-core-2.2.jar:/Users/macbookpro/.m2/repository/org/projectlombok/lombok/1.18.24/lombok-1.18.24.jar:/Users/macbookpro/.m2/repository/org/springframework/boot/spring-boot-starter-test/2.7.5/spring-boot-starter-test-2.7.5.jar:/Users/macbookpro/.m2/repository/org/springframework/boot/spring-boot-test/2.7.5/spring-boot-test-2.7.5.jar:/Users/macbookpro/.m2/repository/org/springframework/boot/spring-boot-test-autoconfigure/2.7.5/spring-boot-test-autoconfigure-2.7.5.jar:/Users/macbookpro/.m2/repository/com/jayway/jsonpath/json-path/2.7.0/json-path-2.7.0.jar:/Users/macbookpro/.m2/repository/net/minidev/json-smart/2.4.8/json-smart-2.4.8.jar:/Users/macbookpro/.m2/repository/net/minidev/accessors-smart/2.4.8/accessors-smart-2.4.8.jar:/Users/macbookpro/.m2/repository/org/ow2/asm/asm/9.1/asm-9.1.jar:/Users/macbookpro/.m2/repository/jakarta/xml/bind/jakarta.xml.bind-api/2.3.3/jakarta.xml.bind-api-2.3.3.jar:/Users/macbookpro/.m2/repository/jakarta/activation/jakarta.activation-api/1.2.2/jakarta.activation-api-1.2.2.jar:/Users/macbookpro/.m2/repository/org/assertj/assertj-core/3.22.0/assertj-core-3.22.0.jar:/Users/macbookpro/.m2/repository/org/hamcrest/hamcrest/2.2/hamcrest-2.2.jar:/Users/macbookpro/.m2/repository/org/junit/jupiter/junit-jupiter/5.8.2/junit-jupiter-5.8.2.jar:/Users/macbookpro/.m2/repository/org/junit/jupiter/junit-jupiter-api/5.8.2/junit-jupiter-api-5.8.2.jar:/Users/macbookpro/.m2/repository/org/opentest4j/opentest4j/1.2.0/opentest4j-1.2.0.jar:/Users/macbookpro/.m2/repository/org/junit/platform/junit-platform-commons/1.8.2/junit-platform-commons-1.8.2.jar:/Users/macbookpro/.m2/repository/org/apiguardian/apiguardian-api/1.1.2/apiguardian-api-1.1.2.jar:/Users/macbookpro/.m2/repository/org/junit/jupiter/junit-jupiter-params/5.8.2/junit-jupiter-params-5.8.2.jar:/Users/macbookpro/.m2/repository/org/junit/jupiter/junit-jupiter-engine/5.8.2/junit-jupiter-engine-5.8.2.jar:/Users/macbookpro/.m2/repository/org/junit/platform/junit-platform-engine/1.8.2/junit-platform-engine-1.8.2.jar:/Users/macbookpro/.m2/repository/org/mockito/mockito-core/4.5.1/mockito-core-4.5.1.jar:/Users/macbookpro/.m2/repository/net/bytebuddy/byte-buddy/1.12.18/byte-buddy-1.12.18.jar:/Users/macbookpro/.m2/repository/net/bytebuddy/byte-buddy-agent/1.12.18/byte-buddy-agent-1.12.18.jar:/Users/macbookpro/.m2/repository/org/objenesis/objenesis/3.2/objenesis-3.2.jar:/Users/macbookpro/.m2/repository/org/mockito/mockito-junit-jupiter/4.5.1/mockito-junit-jupiter-4.5.1.jar:/Users/macbookpro/.m2/repository/org/skyscreamer/jsonassert/1.5.1/jsonassert-1.5.1.jar:/Users/macbookpro/.m2/repository/com/vaadin/external/google/android-json/0.0.20131108.vaadin1/android-json-0.0.20131108.vaadin1.jar:/Users/macbookpro/.m2/repository/org/springframework/spring-core/5.3.23/spring-core-5.3.23.jar:/Users/macbookpro/.m2/repository/org/springframework/spring-jcl/5.3.23/spring-jcl-5.3.23.jar:/Users/macbookpro/.m2/repository/org/springframework/spring-test/5.3.23/spring-test-5.3.23.jar:/Users/macbookpro/.m2/repository/org/xmlunit/xmlunit-core/2.9.0/xmlunit-core-2.9.0.jar:/Users/macbookpro/.m2/repository/org/springframework/cloud/spring-cloud-starter-netflix-eureka-client/3.1.4/spring-cloud-starter-netflix-eureka-client-3.1.4.jar:/Users/macbookpro/.m2/repository/org/springframework/cloud/spring-cloud-netflix-eureka-client/3.1.4/spring-cloud-netflix-eureka-client-3.1.4.jar:/Users/macbookpro/.m2/repository/com/netflix/eureka/eureka-client/1.10.17/eureka-client-1.10.17.jar:/Users/macbookpro/.m2/repository/com/netflix/netflix-commons/netflix-eventbus/0.3.0/netflix-eventbus-0.3.0.jar:/Users/macbookpro/.m2/repository/com/netflix/netflix-commons/netflix-infix/0.3.0/netflix-infix-0.3.0.jar:/Users/macbookpro/.m2/repository/commons-jxpath/commons-jxpath/1.3/commons-jxpath-1.3.jar:/Users/macbookpro/.m2/repository/joda-time/joda-time/2.3/joda-time-2.3.jar:/Users/macbookpro/.m2/repository/org/antlr/antlr-runtime/3.4/antlr-runtime-3.4.jar:/Users/macbookpro/.m2/repository/org/antlr/stringtemplate/3.2.1/stringtemplate-3.2.1.jar:/Users/macbookpro/.m2/repository/antlr/antlr/2.7.7/antlr-2.7.7.jar:/Users/macbookpro/.m2/repository/com/google/code/gson/gson/2.9.1/gson-2.9.1.jar:/Users/macbookpro/.m2/repository/org/apache/commons/commons-math/2.2/commons-math-2.2.jar:/Users/macbookpro/.m2/repository/com/thoughtworks/xstream/xstream/1.4.18/xstream-1.4.18.jar:/Users/macbookpro/.m2/repository/io/github/x-stream/mxparser/1.2.2/mxparser-1.2.2.jar:/Users/macbookpro/.m2/repository/xmlpull/xmlpull/1.1.3.1/xmlpull-1.1.3.1.jar:/Users/macbookpro/.m2/repository/javax/ws/rs/jsr311-api/1.1.1/jsr311-api-1.1.1.jar:/Users/macbookpro/.m2/repository/com/netflix/servo/servo-core/0.12.21/servo-core-0.12.21.jar:/Users/macbookpro/.m2/repository/com/google/guava/guava/19.0/guava-19.0.jar:/Users/macbookpro/.m2/repository/org/apache/httpcomponents/httpclient/4.5.13/httpclient-4.5.13.jar:/Users/macbookpro/.m2/repository/org/apache/httpcomponents/httpcore/4.4.15/httpcore-4.4.15.jar:/Users/macbookpro/.m2/repository/commons-codec/commons-codec/1.15/commons-codec-1.15.jar:/Users/macbookpro/.m2/repository/commons-configuration/commons-configuration/1.10/commons-configuration-1.10.jar:/Users/macbookpro/.m2/repository/commons-lang/commons-lang/2.6/commons-lang-2.6.jar:/Users/macbookpro/.m2/repository/com/google/inject/guice/4.1.0/guice-4.1.0.jar:/Users/macbookpro/.m2/repository/javax/inject/javax.inject/1/javax.inject-1.jar:/Users/macbookpro/.m2/repository/com/fasterxml/jackson/core/jackson-annotations/2.13.4/jackson-annotations-2.13.4.jar:/Users/macbookpro/.m2/repository/com/fasterxml/jackson/core/jackson-core/2.13.4/jackson-core-2.13.4.jar:/Users/macbookpro/.m2/repository/org/codehaus/jettison/jettison/1.4.0/jettison-1.4.0.jar:/Users/macbookpro/.m2/repository/com/netflix/eureka/eureka-core/1.10.17/eureka-core-1.10.17.jar:/Users/macbookpro/.m2/repository/com/fasterxml/woodstox/woodstox-core/6.2.1/woodstox-core-6.2.1.jar:/Users/macbookpro/.m2/repository/org/codehaus/woodstox/stax2-api/4.2.1/stax2-api-4.2.1.jar:/Users/macbookpro/.m2/repository/org/springframework/cloud/spring-cloud-starter-loadbalancer/3.1.5/spring-cloud-starter-loadbalancer-3.1.5.jar:/Users/macbookpro/.m2/repository/org/springframework/cloud/spring-cloud-loadbalancer/3.1.5/spring-cloud-loadbalancer-3.1.5.jar:/Users/macbookpro/.m2/repository/io/projectreactor/reactor-core/3.4.24/reactor-core-3.4.24.jar:/Users/macbookpro/.m2/repository/org/reactivestreams/reactive-streams/1.0.4/reactive-streams-1.0.4.jar:/Users/macbookpro/.m2/repository/io/projectreactor/addons/reactor-extra/3.4.8/reactor-extra-3.4.8.jar:/Users/macbookpro/.m2/repository/org/springframework/boot/spring-boot-starter-cache/2.7.5/spring-boot-starter-cache-2.7.5.jar:/Users/macbookpro/.m2/repository/org/springframework/spring-context-support/5.3.23/spring-context-support-5.3.23.jar:/Users/macbookpro/.m2/repository/com/stoyanr/evictor/1.0.0/evictor-1.0.0.jar:/Users/macbookpro/.m2/repository/org/springframework/cloud/spring-cloud-starter-bootstrap/3.1.5/spring-cloud-starter-bootstrap-3.1.5.jar:/Users/macbookpro/.m2/repository/org/glassfish/jaxb/jaxb-runtime/2.3.7/jaxb-runtime-2.3.7.jar:/Users/macbookpro/.m2/repository/org/glassfish/jaxb/txw2/2.3.7/txw2-2.3.7.jar:/Users/macbookpro/.m2/repository/com/sun/istack/istack-commons-runtime/3.0.12/istack-commons-runtime-3.0.12.jar:/Users/macbookpro/.m2/repository/com/sun/activation/jakarta.activation/1.2.2/jakarta.activation-1.2.2.jar:/Users/macbookpro/.m2/repository/org/springframework/cloud/spring-cloud-starter-config/3.1.5/spring-cloud-starter-config-3.1.5.jar:/Users/macbookpro/.m2/repository/org/springframework/cloud/spring-cloud-config-client/3.1.5/spring-cloud-config-client-3.1.5.jar:/Users/macbookpro/.m2/repository/com/fasterxml/jackson/core/jackson-databind/2.13.4.2/jackson-databind-2.13.4.2.jar:/Users/macbookpro/.m2/repository/org/springframework/boot/spring-boot-starter-amqp/2.7.5/spring-boot-starter-amqp-2.7.5.jar:/Users/macbookpro/.m2/repository/org/springframework/spring-messaging/5.3.23/spring-messaging-5.3.23.jar:/Users/macbookpro/.m2/repository/org/springframework/amqp/spring-rabbit/2.4.7/spring-rabbit-2.4.7.jar:/Users/macbookpro/.m2/repository/org/springframework/amqp/spring-amqp/2.4.7/spring-amqp-2.4.7.jar:/Users/macbookpro/.m2/repository/org/springframework/retry/spring-retry/1.3.4/spring-retry-1.3.4.jar:/Users/macbookpro/.m2/repository/com/rabbitmq/amqp-client/5.14.2/amqp-client-5.14.2.jar:/Users/macbookpro/.m2/repository/org/springframework/spring-tx/5.3.23/spring-tx-5.3.23.jar:/Users/macbookpro/.m2/repository/org/springframework/cloud/spring-cloud-starter-sleuth/3.1.5/spring-cloud-starter-sleuth-3.1.5.jar:/Users/macbookpro/.m2/repository/org/springframework/boot/spring-boot-starter-aop/2.7.5/spring-boot-starter-aop-2.7.5.jar:/Users/macbookpro/.m2/repository/org/aspectj/aspectjweaver/1.9.7/aspectjweaver-1.9.7.jar:/Users/macbookpro/.m2/repository/org/springframework/cloud/spring-cloud-sleuth-autoconfigure/3.1.5/spring-cloud-sleuth-autoconfigure-3.1.5.jar:/Users/macbookpro/.m2/repository/org/aspectj/aspectjrt/1.9.7/aspectjrt-1.9.7.jar:/Users/macbookpro/.m2/repository/org/springframework/cloud/spring-cloud-sleuth-brave/3.1.5/spring-cloud-sleuth-brave-3.1.5.jar:/Users/macbookpro/.m2/repository/io/zipkin/brave/brave/5.13.9/brave-5.13.9.jar:/Users/macbookpro/.m2/repository/io/zipkin/brave/brave-context-slf4j/5.13.9/brave-context-slf4j-5.13.9.jar:/Users/macbookpro/.m2/repository/io/zipkin/brave/brave-instrumentation-messaging/5.13.9/brave-instrumentation-messaging-5.13.9.jar:/Users/macbookpro/.m2/repository/io/zipkin/brave/brave-instrumentation-rpc/5.13.9/brave-instrumentation-rpc-5.13.9.jar:/Users/macbookpro/.m2/repository/io/zipkin/brave/brave-instrumentation-spring-rabbit/5.13.9/brave-instrumentation-spring-rabbit-5.13.9.jar:/Users/macbookpro/.m2/repository/io/zipkin/brave/brave-instrumentation-kafka-clients/5.13.9/brave-instrumentation-kafka-clients-5.13.9.jar:/Users/macbookpro/.m2/repository/io/zipkin/brave/brave-instrumentation-kafka-streams/5.13.9/brave-instrumentation-kafka-streams-5.13.9.jar:/Users/macbookpro/.m2/repository/io/zipkin/brave/brave-instrumentation-httpclient/5.13.9/brave-instrumentation-httpclient-5.13.9.jar:/Users/macbookpro/.m2/repository/io/zipkin/brave/brave-instrumentation-http/5.13.9/brave-instrumentation-http-5.13.9.jar:/Users/macbookpro/.m2/repository/io/zipkin/brave/brave-instrumentation-httpasyncclient/5.13.9/brave-instrumentation-httpasyncclient-5.13.9.jar:/Users/macbookpro/.m2/repository/io/zipkin/brave/brave-instrumentation-jms/5.13.9/brave-instrumentation-jms-5.13.9.jar:/Users/macbookpro/.m2/repository/io/zipkin/brave/brave-instrumentation-mongodb/5.13.9/brave-instrumentation-mongodb-5.13.9.jar:/Users/macbookpro/.m2/repository/io/zipkin/aws/brave-propagation-aws/0.21.3/brave-propagation-aws-0.21.3.jar:/Users/macbookpro/.m2/repository/io/zipkin/reporter2/zipkin-reporter-metrics-micrometer/2.16.3/zipkin-reporter-metrics-micrometer-2.16.3.jar:/Users/macbookpro/.m2/repository/org/springframework/cloud/spring-cloud-sleuth-zipkin/3.1.5/spring-cloud-sleuth-zipkin-3.1.5.jar:/Users/macbookpro/.m2/repository/org/springframework/cloud/spring-cloud-sleuth-instrumentation/3.1.5/spring-cloud-sleuth-instrumentation-3.1.5.jar:/Users/macbookpro/.m2/repository/org/springframework/cloud/spring-cloud-sleuth-api/3.1.5/spring-cloud-sleuth-api-3.1.5.jar:/Users/macbookpro/.m2/repository/io/zipkin/zipkin2/zipkin/2.23.2/zipkin-2.23.2.jar:/Users/macbookpro/.m2/repository/io/zipkin/reporter2/zipkin-reporter/2.16.3/zipkin-reporter-2.16.3.jar:/Users/macbookpro/.m2/repository/io/zipkin/reporter2/zipkin-reporter-brave/2.16.3/zipkin-reporter-brave-2.16.3.jar:/Users/macbookpro/.m2/repository/io/zipkin/reporter2/zipkin-sender-kafka/2.16.3/zipkin-sender-kafka-2.16.3.jar:/Users/macbookpro/.m2/repository/io/zipkin/reporter2/zipkin-sender-activemq-client/2.16.3/zipkin-sender-activemq-client-2.16.3.jar:/Users/macbookpro/.m2/repository/io/zipkin/reporter2/zipkin-sender-amqp-client/2.16.3/zipkin-sender-amqp-client-2.16.3.jar:/Users/macbookpro/.m2/repository/org/springframework/boot/spring-boot-starter-data-mongodb/2.7.5/spring-boot-starter-data-mongodb-2.7.5.jar:/Users/macbookpro/.m2/repository/org/mongodb/mongodb-driver-sync/4.6.1/mongodb-driver-sync-4.6.1.jar:/Users/macbookpro/.m2/repository/org/mongodb/bson/4.6.1/bson-4.6.1.jar:/Users/macbookpro/.m2/repository/org/mongodb/mongodb-driver-core/4.6.1/mongodb-driver-core-4.6.1.jar:/Users/macbookpro/.m2/repository/org/mongodb/bson-record-codec/4.6.1/bson-record-codec-4.6.1.jar:/Users/macbookpro/.m2/repository/org/springframework/data/spring-data-mongodb/3.4.5/spring-data-mongodb-3.4.5.jar:/Users/macbookpro/.m2/repository/org/springframework/data/spring-data-commons/2.7.5/spring-data-commons-2.7.5.jar:/Users/macbookpro/.m2/repository/org/mongodb/mongo-java-driver/3.12.11/mongo-java-driver-3.12.11.jar:/Users/macbookpro/.m2/repository/de/flapdoodle/embed/de.flapdoodle.embed.mongo/3.4.11/de.flapdoodle.embed.mongo-3.4.11.jar:/Users/macbookpro/.m2/repository/de/flapdoodle/embed/de.flapdoodle.embed.process/3.1.15/de.flapdoodle.embed.process-3.1.15.jar:/Users/macbookpro/.m2/repository/de/flapdoodle/de.flapdoodle.os/1.1.12/de.flapdoodle.os-1.1.12.jar:/Users/macbookpro/.m2/repository/org/apache/commons/commons-lang3/3.12.0/commons-lang3-3.12.0.jar:/Users/macbookpro/.m2/repository/org/apache/commons/commons-compress/1.21/commons-compress-1.21.jar:/Users/macbookpro/.m2/repository/net/java/dev/jna/jna/5.12.1/jna-5.12.1.jar:/Users/macbookpro/.m2/repository/net/java/dev/jna/jna-platform/5.12.1/jna-platform-5.12.1.jar:/Users/macbookpro/.m2/repository/de/flapdoodle/embed/de.flapdoodle.embed.mongo.packageresolver/1.0.10/de.flapdoodle.embed.mongo.packageresolver-1.0.10.jar:"/>
    <property name="sun.cpu.endian" value="little"/>
    <property name="user.home" value="/Users/macbookpro"/>
    <property name="user.language" value="es"/>
    <property name="java.specification.vendor" value="Oracle Corporation"/>
    <property name="java.version.date" value="2022-07-19"/>
    <property name="java.home" value="/Users/macbookpro/Library/Java/JavaVirtualMachines/corretto-18.0.2/Contents/Home"/>
    <property name="file.separator" value="/"/>
    <property name="basedir" value="/Users/macbookpro/Documents/final2023/api-catalog"/>
    <property name="java.vm.compressedOopsMode" value="Zero based"/>
    <property name="line.separator" value="&#10;"/>
    <property name="java.vm.specification.vendor" value="Oracle Corporation"/>
    <property name="java.specification.name" value="Java Platform API Specification"/>
    <property name="apple.awt.application.name" value="ForkedBooter"/>
    <property name="surefire.real.class.path" value="/Users/macbookpro/Documents/final2023/api-catalog/target/surefire/surefirebooter15247108368057354959.jar"/>
    <property name="sun.management.compiler" value="HotSpot 64-Bit Tiered Compilers"/>
    <property name="ftp.nonProxyHosts" value="local|*.local|169.254/16|*.169.254/16"/>
    <property name="java.runtime.version" value="18.0.2+9-FR"/>
    <property name="user.name" value="macbookpro"/>
    <property name="path.separator" value=":"/>
    <property name="os.version" value="10.15.7"/>
    <property name="java.runtime.name" value="OpenJDK Runtime Environment"/>
    <property name="file.encoding" value="UTF-8"/>
    <property name="java.vm.name" value="OpenJDK 64-Bit Server VM"/>
    <property name="java.vendor.version" value="Corretto-18.0.2.9.1"/>
    <property name="localRepository" value="/Users/macbookpro/.m2/repository"/>
    <property name="java.vendor.url.bug" value="https://github.com/corretto/corretto-18/issues/"/>
    <property name="java.io.tmpdir" value="/var/folders/gg/blsmc4q111b0cl1c41wl6hlw0000gn/T/"/>
    <property name="idea.version" value="2022.3.3"/>
    <property name="java.version" value="18.0.2"/>
    <property name="user.dir" value="/Users/macbookpro/Documents/final2023/api-catalog"/>
    <property name="os.arch" value="x86_64"/>
    <property name="java.vm.specification.name" value="Java Virtual Machine Specification"/>
    <property name="native.encoding" value="US-ASCII"/>
    <property name="java.library.path" value="/Users/macbookpro/Library/Java/Extensions:/Library/Java/Extensions:/Network/Library/Java/Extensions:/System/Library/Java/Extensions:/usr/lib/java:."/>
    <property name="java.vm.info" value="mixed mode, sharing"/>
    <property name="java.vendor" value="Amazon.com Inc."/>
    <property name="java.vm.version" value="18.0.2+9-FR"/>
    <property name="sun.io.unicode.encoding" value="UnicodeBig"/>
    <property name="socksNonProxyHosts" value="local|*.local|169.254/16|*.169.254/16"/>
    <property name="java.class.version" value="62.0"/>
  </properties>
  <testcase name="contextLoads" classname="com.dh.catalog.ApiCatalogApplicationTests" time="1.152"/>
</testsuite>